VRsualiser/build/outputs/logs/manifest-merger-debug-report.txt
-- Merging decision tree log ---
manifest
ADDED from src\main\AndroidManifest.xml:2:1-41:12
	xmlns:android
		ADDED from src\main\AndroidManifest.xml:2:11-69
	package
		ADDED from src\main\AndroidManifest.xml:3:11-74
	android:versionName
		ADDED from src\main\AndroidManifest.xml:5:11-34
		INJECTED from src\main\AndroidManifest.xml
		INJECTED from src\main\AndroidManifest.xml
	android:versionCode
		ADDED from src\main\AndroidManifest.xml:4:11-34
		INJECTED from src\main\AndroidManifest.xml
		INJECTED from src\main\AndroidManifest.xml
uses-permission#android.permission.INTERNET
ADDED from src\main\AndroidManifest.xml:7:5-67
	android:name
		ADDED from src\main\AndroidManifest.xml:7:22-64
uses-permission#android.permission.NFC
ADDED from src\main\AndroidManifest.xml:8:5-62
	android:name
		ADDED from src\main\AndroidManifest.xml:8:22-59
uses-permission#android.permission.VIBRATE
ADDED from src\main\AndroidManifest.xml:9:5-66
	android:name
		ADDED from src\main\AndroidManifest.xml:9:22-63
uses-permission#android.permission.READ_EXTERNAL_STORAGE
ADDED from src\main\AndroidManifest.xml:10:5-80
	android:name
		ADDED from src\main\AndroidManifest.xml:10:22-77
uses-permission#android.permission.WRITE_EXTERNAL_STORAGE
ADDED from src\main\AndroidManifest.xml:11:5-81
	android:name
		ADDED from src\main\AndroidManifest.xml:11:22-78
uses-permission#android.permission.RECORD_AUDIO
ADDED from src\main\AndroidManifest.xml:12:5-70
	android:name
		ADDED from src\main\AndroidManifest.xml:12:22-68
uses-permission#android.permission.MODIFY_AUDIO_SETTINGS
ADDED from src\main\AndroidManifest.xml:13:5-79
	android:name
		ADDED from src\main\AndroidManifest.xml:13:22-77
uses-feature#android.hardware.sensor.accelerometer
ADDED from src\main\AndroidManifest.xml:17:5-97
	android:required
		ADDED from src\main\AndroidManifest.xml:17:72-95
	android:name
		ADDED from src\main\AndroidManifest.xml:17:19-71
uses-feature#android.hardware.sensor.gyroscope
ADDED from src\main\AndroidManifest.xml:18:5-93
	android:required
		ADDED from src\main\AndroidManifest.xml:18:68-91
	android:name
		ADDED from src\main\AndroidManifest.xml:18:19-67
uses-sdk
ADDED from src\main\AndroidManifest.xml:20:5-73
	android:targetSdkVersion
		ADDED from src\main\AndroidManifest.xml:20:42-71
		INJECTED from src\main\AndroidManifest.xml
		INJECTED from src\main\AndroidManifest.xml
	android:minSdkVersion
		ADDED from src\main\AndroidManifest.xml:20:15-41
		INJECTED from src\main\AndroidManifest.xml
		INJECTED from src\main\AndroidManifest.xml
uses-feature#0x00020000
ADDED from src\main\AndroidManifest.xml:21:5-78
	android:required
		ADDED from src\main\AndroidManifest.xml:21:52-75
	android:glEsVersion
		ADDED from src\main\AndroidManifest.xml:21:19-51
application
ADDED from src\main\AndroidManifest.xml:23:5-39:19
	android:label
		ADDED from src\main\AndroidManifest.xml:26:13-45
	android:allowBackup
		ADDED from src\main\AndroidManifest.xml:24:13-39
	android:icon
		ADDED from src\main\AndroidManifest.xml:25:13-49
activity#com.google.vrtoolkit.cardboard.hexistudios.vrsualiser.MainActivity
ADDED from src\main\AndroidManifest.xml:28:9-38:20
	android:screenOrientation
		ADDED from src\main\AndroidManifest.xml:31:17-54
	android:label
		ADDED from src\main\AndroidManifest.xml:30:17-49
	android:configChanges
		ADDED from src\main\AndroidManifest.xml:32:17-78
	android:name
		ADDED from src\main\AndroidManifest.xml:29:17-98
intent-filter#android.intent.action.MAIN+android.intent.category.LAUNCHER+com.google.intent.category.CARDBOARD
ADDED from src\main\AndroidManifest.xml:33:13-37:29
action#android.intent.action.MAIN
ADDED from src\main\AndroidManifest.xml:34:17-69
	android:name
		ADDED from src\main\AndroidManifest.xml:34:25-66
category#android.intent.category.LAUNCHER
ADDED from src\main\AndroidManifest.xml:35:17-77
	android:name
		ADDED from src\main\AndroidManifest.xml:35:27-74
category#com.google.intent.category.CARDBOARD
ADDED from src\main\AndroidManifest.xml:36:17-81
	android:name
		ADDED from src\main\AndroidManifest.xml:36:27-78